Determining if the pthread_create exist failed with the following output:
Change Dir: /home/user/Documents/synthese/martincomte_alexis/GLImac-Template-build/CMakeFiles/CMakeTmp

Run Build Command:"/usr/bin/make" "cmTC_e604b/fast"
/usr/bin/make -f CMakeFiles/cmTC_e604b.dir/build.make CMakeFiles/cmTC_e604b.dir/build
make[1]: Entering directory '/home/user/Documents/synthese/martincomte_alexis/GLImac-Template-build/CMakeFiles/CMakeTmp'
Building C object CMakeFiles/cmTC_e604b.dir/CheckSymbolExists.c.o
/usr/bin/cc    -o CMakeFiles/cmTC_e604b.dir/CheckSymbolExists.c.o   -c /home/user/Documents/synthese/martincomte_alexis/GLImac-Template-build/CMakeFiles/CMakeTmp/CheckSymbolExists.c
Linking C executable cmTC_e604b
/usr/bin/cmake -E cmake_link_script CMakeFiles/cmTC_e604b.dir/link.txt --verbose=1
/usr/bin/cc      -rdynamic CMakeFiles/cmTC_e604b.dir/CheckSymbolExists.c.o  -o cmTC_e604b 
CMakeFiles/cmTC_e604b.dir/CheckSymbolExists.c.o: In function `main':
CheckSymbolExists.c:(.text+0x1b): undefined reference to `pthread_create'
collect2: error: ld returned 1 exit status
CMakeFiles/cmTC_e604b.dir/build.make:97: recipe for target 'cmTC_e604b' failed
make[1]: *** [cmTC_e604b] Error 1
make[1]: Leaving directory '/home/user/Documents/synthese/martincomte_alexis/GLImac-Template-build/CMakeFiles/CMakeTmp'
Makefile:126: recipe for target 'cmTC_e604b/fast' failed
make: *** [cmTC_e604b/fast] Error 2

File /home/user/Documents/synthese/martincomte_alexis/GLImac-Template-build/CMakeFiles/CMakeTmp/CheckSymbolExists.c:
/* */
#include <pthread.h>

int main(int argc, char** argv)
{
  (void)argv;
#ifndef pthread_create
  return ((int*)(&pthread_create))[argc];
#else
  (void)argc;
  return 0;
#endif
}

Determining if the function pthread_create exists in the pthreads failed with the following output:
Change Dir: /home/user/Documents/synthese/martincomte_alexis/GLImac-Template-build/CMakeFiles/CMakeTmp

Run Build Command:"/usr/bin/make" "cmTC_7f4dc/fast"
/usr/bin/make -f CMakeFiles/cmTC_7f4dc.dir/build.make CMakeFiles/cmTC_7f4dc.dir/build
make[1]: Entering directory '/home/user/Documents/synthese/martincomte_alexis/GLImac-Template-build/CMakeFiles/CMakeTmp'
Building C object CMakeFiles/cmTC_7f4dc.dir/CheckFunctionExists.c.o
/usr/bin/cc   -DCHECK_FUNCTION_EXISTS=pthread_create   -o CMakeFiles/cmTC_7f4dc.dir/CheckFunctionExists.c.o   -c /usr/share/cmake-3.10/Modules/CheckFunctionExists.c
Linking C executable cmTC_7f4dc
/usr/bin/cmake -E cmake_link_script CMakeFiles/cmTC_7f4dc.dir/link.txt --verbose=1
/usr/bin/cc  -DCHECK_FUNCTION_EXISTS=pthread_create    -rdynamic CMakeFiles/cmTC_7f4dc.dir/CheckFunctionExists.c.o  -o cmTC_7f4dc -lpthreads 
/usr/bin/ld: cannot find -lpthreads
collect2: error: ld returned 1 exit status
CMakeFiles/cmTC_7f4dc.dir/build.make:97: recipe for target 'cmTC_7f4dc' failed
make[1]: *** [cmTC_7f4dc] Error 1
make[1]: Leaving directory '/home/user/Documents/synthese/martincomte_alexis/GLImac-Template-build/CMakeFiles/CMakeTmp'
Makefile:126: recipe for target 'cmTC_7f4dc/fast' failed
make: *** [cmTC_7f4dc/fast] Error 2


